couldn't import psycopg 'c' implementation: No module named 'psycopg_c'
couldn't import psycopg 'binary' implementation: No module named 'psycopg_binary'
Using selector: EpollSelector
couldn't import psycopg 'c' implementation: No module named 'psycopg_c'
couldn't import psycopg 'binary' implementation: No module named 'psycopg_binary'
couldn't import psycopg 'c' implementation: No module named 'psycopg_c'
couldn't import psycopg 'binary' implementation: No module named 'psycopg_binary'
couldn't import psycopg 'c' implementation: No module named 'psycopg_c'
couldn't import psycopg 'binary' implementation: No module named 'psycopg_binary'
couldn't import psycopg 'c' implementation: No module named 'psycopg_c'
couldn't import psycopg 'binary' implementation: No module named 'psycopg_binary'
couldn't import psycopg 'c' implementation: No module named 'psycopg_c'
couldn't import psycopg 'binary' implementation: No module named 'psycopg_binary'
couldn't import psycopg 'c' implementation: No module named 'psycopg_c'
couldn't import psycopg 'binary' implementation: No module named 'psycopg_binary'
couldn't import psycopg 'c' implementation: No module named 'psycopg_c'
couldn't import psycopg 'binary' implementation: No module named 'psycopg_binary'
couldn't import psycopg 'c' implementation: No module named 'psycopg_c'
couldn't import psycopg 'binary' implementation: No module named 'psycopg_binary'
couldn't import psycopg 'c' implementation: No module named 'psycopg_c'
couldn't import psycopg 'binary' implementation: No module named 'psycopg_binary'
couldn't import psycopg 'c' implementation: No module named 'psycopg_c'
couldn't import psycopg 'binary' implementation: No module named 'psycopg_binary'
couldn't import psycopg 'c' implementation: No module named 'psycopg_c'
couldn't import psycopg 'binary' implementation: No module named 'psycopg_binary'
couldn't import psycopg 'c' implementation: No module named 'psycopg_c'
couldn't import psycopg 'binary' implementation: No module named 'psycopg_binary'
couldn't import psycopg 'c' implementation: No module named 'psycopg_c'
couldn't import psycopg 'binary' implementation: No module named 'psycopg_binary'
couldn't import psycopg 'c' implementation: No module named 'psycopg_c'
couldn't import psycopg 'binary' implementation: No module named 'psycopg_binary'
couldn't import psycopg 'c' implementation: No module named 'psycopg_c'
couldn't import psycopg 'binary' implementation: No module named 'psycopg_binary'
couldn't import psycopg 'c' implementation: No module named 'psycopg_c'
couldn't import psycopg 'binary' implementation: No module named 'psycopg_binary'
couldn't import psycopg 'c' implementation: No module named 'psycopg_c'
couldn't import psycopg 'binary' implementation: No module named 'psycopg_binary'
couldn't import psycopg 'c' implementation: No module named 'psycopg_c'
couldn't import psycopg 'binary' implementation: No module named 'psycopg_binary'
couldn't import psycopg 'c' implementation: No module named 'psycopg_c'
couldn't import psycopg 'binary' implementation: No module named 'psycopg_binary'
couldn't import psycopg 'c' implementation: No module named 'psycopg_c'
couldn't import psycopg 'binary' implementation: No module named 'psycopg_binary'
couldn't import psycopg 'c' implementation: No module named 'psycopg_c'
couldn't import psycopg 'binary' implementation: No module named 'psycopg_binary'
couldn't import psycopg 'c' implementation: No module named 'psycopg_c'
couldn't import psycopg 'binary' implementation: No module named 'psycopg_binary'
couldn't import psycopg 'c' implementation: No module named 'psycopg_c'
couldn't import psycopg 'binary' implementation: No module named 'psycopg_binary'
couldn't import psycopg 'c' implementation: No module named 'psycopg_c'
couldn't import psycopg 'binary' implementation: No module named 'psycopg_binary'
couldn't import psycopg 'c' implementation: No module named 'psycopg_c'
couldn't import psycopg 'binary' implementation: No module named 'psycopg_binary'
couldn't import psycopg 'c' implementation: No module named 'psycopg_c'
couldn't import psycopg 'binary' implementation: No module named 'psycopg_binary'
couldn't import psycopg 'c' implementation: No module named 'psycopg_c'
couldn't import psycopg 'binary' implementation: No module named 'psycopg_binary'
couldn't import psycopg 'c' implementation: No module named 'psycopg_c'
couldn't import psycopg 'binary' implementation: No module named 'psycopg_binary'
couldn't import psycopg 'c' implementation: No module named 'psycopg_c'
couldn't import psycopg 'binary' implementation: No module named 'psycopg_binary'
Watching for file changes with StatReloader
couldn't import psycopg 'c' implementation: No module named 'psycopg_c'
couldn't import psycopg 'binary' implementation: No module named 'psycopg_binary'
couldn't import psycopg 'c' implementation: No module named 'psycopg_c'
couldn't import psycopg 'binary' implementation: No module named 'psycopg_binary'
Watching for file changes with StatReloader
couldn't import psycopg 'c' implementation: No module named 'psycopg_c'
couldn't import psycopg 'binary' implementation: No module named 'psycopg_binary'
Using selector: EpollSelector
Using selector: EpollSelector
Using selector: EpollSelector
Using selector: EpollSelector
Using selector: EpollSelector
Using selector: EpollSelector
couldn't import psycopg 'c' implementation: No module named 'psycopg_c'
couldn't import psycopg 'binary' implementation: No module named 'psycopg_binary'
couldn't import psycopg 'c' implementation: No module named 'psycopg_c'
couldn't import psycopg 'binary' implementation: No module named 'psycopg_binary'
Watching for file changes with StatReloader
/home/cyberbitch/FirecourtCorp/FirecourtBackend/FirecourtBackend/settings.py changed, reloading.
couldn't import psycopg 'c' implementation: No module named 'psycopg_c'
couldn't import psycopg 'binary' implementation: No module named 'psycopg_binary'
Watching for file changes with StatReloader
/home/cyberbitch/FirecourtCorp/FirecourtBackend/FirecourtBackend/settings.py changed, reloading.
couldn't import psycopg 'c' implementation: No module named 'psycopg_c'
couldn't import psycopg 'binary' implementation: No module named 'psycopg_binary'
Watching for file changes with StatReloader
/home/cyberbitch/FirecourtCorp/FirecourtBackend/FirecourtBackend/settings.py changed, reloading.
couldn't import psycopg 'c' implementation: No module named 'psycopg_c'
couldn't import psycopg 'binary' implementation: No module named 'psycopg_binary'
Watching for file changes with StatReloader
couldn't import psycopg 'c' implementation: No module named 'psycopg_c'
couldn't import psycopg 'binary' implementation: No module named 'psycopg_binary'
couldn't import psycopg 'c' implementation: No module named 'psycopg_c'
couldn't import psycopg 'binary' implementation: No module named 'psycopg_binary'
Watching for file changes with StatReloader
/home/cyberbitch/FirecourtCorp/FirecourtBackend/FirecourtBackend/settings.py changed, reloading.
couldn't import psycopg 'c' implementation: No module named 'psycopg_c'
couldn't import psycopg 'binary' implementation: No module named 'psycopg_binary'
Watching for file changes with StatReloader
couldn't import psycopg 'c' implementation: No module named 'psycopg_c'
couldn't import psycopg 'binary' implementation: No module named 'psycopg_binary'
couldn't import psycopg 'c' implementation: No module named 'psycopg_c'
couldn't import psycopg 'binary' implementation: No module named 'psycopg_binary'
Watching for file changes with StatReloader
Invalid HTTP_HOST header: '127.0.0.1:8000'. You may need to add '127.0.0.1' to ALLOWED_HOSTS.
Traceback (most recent call last):
  File "/home/cyberbitch/.local/lib/python3.11/site-packages/django/core/handlers/exception.py", line 55, in inner
    response = get_response(request)
               ^^^^^^^^^^^^^^^^^^^^^
  File "/home/cyberbitch/.local/lib/python3.11/site-packages/django/utils/deprecation.py", line 128, in __call__
    response = self.process_request(request)
               ^^^^^^^^^^^^^^^^^^^^^^^^^^^^^
  File "/home/cyberbitch/.local/lib/python3.11/site-packages/django/middleware/security.py", line 28, in process_request
    host = self.redirect_host or request.get_host()
                                 ^^^^^^^^^^^^^^^^^^
  File "/home/cyberbitch/.local/lib/python3.11/site-packages/django/http/request.py", line 151, in get_host
    raise DisallowedHost(msg)
django.core.exceptions.DisallowedHost: Invalid HTTP_HOST header: '127.0.0.1:8000'. You may need to add '127.0.0.1' to ALLOWED_HOSTS.
Bad Request: /
/home/cyberbitch/FirecourtCorp/FirecourtBackend/FirecourtBackend/settings.py changed, reloading.
couldn't import psycopg 'c' implementation: No module named 'psycopg_c'
couldn't import psycopg 'binary' implementation: No module named 'psycopg_binary'
Watching for file changes with StatReloader
couldn't import psycopg 'c' implementation: No module named 'psycopg_c'
couldn't import psycopg 'binary' implementation: No module named 'psycopg_binary'
couldn't import psycopg 'c' implementation: No module named 'psycopg_c'
couldn't import psycopg 'binary' implementation: No module named 'psycopg_binary'
Watching for file changes with StatReloader
couldn't import psycopg 'c' implementation: No module named 'psycopg_c'
couldn't import psycopg 'binary' implementation: No module named 'psycopg_binary'
couldn't import psycopg 'c' implementation: No module named 'psycopg_c'
couldn't import psycopg 'binary' implementation: No module named 'psycopg_binary'
couldn't import psycopg 'c' implementation: No module named 'psycopg_c'
couldn't import psycopg 'binary' implementation: No module named 'psycopg_binary'
Watching for file changes with StatReloader
couldn't import psycopg 'c' implementation: No module named 'psycopg_c'
couldn't import psycopg 'binary' implementation: No module named 'psycopg_binary'
couldn't import psycopg 'c' implementation: No module named 'psycopg_c'
couldn't import psycopg 'binary' implementation: No module named 'psycopg_binary'
Watching for file changes with StatReloader
couldn't import psycopg 'c' implementation: No module named 'psycopg_c'
couldn't import psycopg 'binary' implementation: No module named 'psycopg_binary'
couldn't import psycopg 'c' implementation: No module named 'psycopg_c'
couldn't import psycopg 'binary' implementation: No module named 'psycopg_binary'
Watching for file changes with StatReloader
Not Found: /favicon.ico
couldn't import psycopg 'c' implementation: No module named 'psycopg_c'
couldn't import psycopg 'binary' implementation: No module named 'psycopg_binary'
couldn't import psycopg 'c' implementation: No module named 'psycopg_c'
couldn't import psycopg 'binary' implementation: No module named 'psycopg_binary'
Watching for file changes with StatReloader
